2021-03-22 10:42:12 [restartedMain] INFO  c.a.m.MicroApplication - Starting MicroApplication using Java 1.8.0_131 on W015411015 with PID 31884 (C:\Users\tuanna47\Documents\workspaces\spring-ide-w-git-maven-sts\micro-application\target\classes started by tuanna47 in C:\Users\tuanna47\Documents\workspaces\spring-ide-w-git-maven-sts\micro-application)
2021-03-22 10:42:12 [restartedMain] DEBUG c.a.m.MicroApplication - Running with Spring Boot v2.4.4, Spring v5.3.5
2021-03-22 10:42:12 [restartedMain] INFO  c.a.m.MicroApplication - The following profiles are active: dev
2021-03-22 10:42:12 [restartedMain] INFO  c.a.m.MicroApplication - Started MicroApplication in 0.763 seconds (JVM running for 337.47)
2021-03-22 13:46:57 [restartedMain] INFO  c.a.m.MicroApplication - Starting MicroApplication using Java 1.8.0_131 on W015411015 with PID 22420 (C:\Users\tuanna47\Documents\workspaces\spring-ide-w-git-maven-sts\micro-application\target\classes started by tuanna47 in C:\Users\tuanna47\Documents\workspaces\spring-ide-w-git-maven-sts\micro-application)
2021-03-22 13:46:57 [restartedMain] DEBUG c.a.m.MicroApplication - Running with Spring Boot v2.4.4, Spring v5.3.5
2021-03-22 13:46:57 [restartedMain] INFO  c.a.m.MicroApplication - The following profiles are active: dev
2021-03-22 13:47:01 [restartedMain] INFO  c.a.m.MicroApplication - Started MicroApplication in 4.703 seconds (JVM running for 10.667)
2021-03-22 13:47:01 [restartedMain] INFO  c.a.m.MicroApplication - sample springboot application
2021-03-22 13:51:16 [restartedMain] INFO  c.a.m.MicroApplication - Starting MicroApplication using Java 1.8.0_131 on W015411015 with PID 22420 (C:\Users\tuanna47\Documents\workspaces\spring-ide-w-git-maven-sts\micro-application\target\classes started by tuanna47 in C:\Users\tuanna47\Documents\workspaces\spring-ide-w-git-maven-sts\micro-application)
2021-03-22 13:51:16 [restartedMain] DEBUG c.a.m.MicroApplication - Running with Spring Boot v2.4.4, Spring v5.3.5
2021-03-22 13:51:16 [restartedMain] INFO  c.a.m.MicroApplication - The following profiles are active: dev
2021-03-22 14:05:16 [restartedMain] INFO  c.a.m.MicroApplication - Starting MicroApplication using Java 1.8.0_131 on W015411015 with PID 22392 (C:\Users\tuanna47\Documents\workspaces\spring-ide-w-git-maven-sts\micro-application\target\classes started by tuanna47 in C:\Users\tuanna47\Documents\workspaces\spring-ide-w-git-maven-sts\micro-application)
2021-03-22 14:05:16 [restartedMain] DEBUG c.a.m.MicroApplication - Running with Spring Boot v2.4.4, Spring v5.3.5
2021-03-22 14:05:16 [restartedMain] INFO  c.a.m.MicroApplication - The following profiles are active: dev
2021-03-22 14:07:34 [restartedMain] INFO  c.a.m.MicroApplication - Starting MicroApplication using Java 1.8.0_131 on W015411015 with PID 33168 (C:\Users\tuanna47\Documents\workspaces\spring-ide-w-git-maven-sts\micro-application\target\classes started by tuanna47 in C:\Users\tuanna47\Documents\workspaces\spring-ide-w-git-maven-sts\micro-application)
2021-03-22 14:07:34 [restartedMain] DEBUG c.a.m.MicroApplication - Running with Spring Boot v2.4.4, Spring v5.3.5
2021-03-22 14:07:34 [restartedMain] INFO  c.a.m.MicroApplication - The following profiles are active: dev
2021-03-22 14:12:51 [restartedMain] INFO  c.a.m.MicroApplication - Starting MicroApplication using Java 1.8.0_131 on W015411015 with PID 35748 (C:\Users\tuanna47\Documents\workspaces\spring-ide-w-git-maven-sts\micro-application\target\classes started by tuanna47 in C:\Users\tuanna47\Documents\workspaces\spring-ide-w-git-maven-sts\micro-application)
2021-03-22 14:12:51 [restartedMain] DEBUG c.a.m.MicroApplication - Running with Spring Boot v2.4.4, Spring v5.3.5
2021-03-22 14:12:51 [restartedMain] INFO  c.a.m.MicroApplication - The following profiles are active: dev
2021-03-22 14:12:56 [restartedMain] INFO  c.a.m.MicroApplication - Started MicroApplication in 6.138 seconds (JVM running for 9.213)
2021-03-22 14:12:56 [restartedMain] INFO  c.a.m.MicroApplication - sample springboot application
2021-03-22 14:33:03 [restartedMain] INFO  c.a.m.MicroApplication - Starting MicroApplication using Java 1.8.0_131 on W015411015 with PID 37900 (C:\Users\tuanna47\Documents\workspaces\spring-ide-w-git-maven-sts\micro-application\target\classes started by tuanna47 in C:\Users\tuanna47\Documents\workspaces\spring-ide-w-git-maven-sts\micro-application)
2021-03-22 14:33:03 [restartedMain] DEBUG c.a.m.MicroApplication - Running with Spring Boot v2.4.4, Spring v5.3.5
2021-03-22 14:33:03 [restartedMain] INFO  c.a.m.MicroApplication - The following profiles are active: dev
2021-03-22 14:33:09 [restartedMain] INFO  c.a.m.MicroApplication - Started MicroApplication in 6.404 seconds (JVM running for 9.938)
2021-03-22 14:33:09 [restartedMain] INFO  c.a.m.MicroApplication - sample springboot application
2021-03-22 14:33:27 [restartedMain] INFO  c.a.m.MicroApplication - Starting MicroApplication using Java 1.8.0_131 on W015411015 with PID 29656 (C:\Users\tuanna47\Documents\workspaces\spring-ide-w-git-maven-sts\micro-application\target\classes started by tuanna47 in C:\Users\tuanna47\Documents\workspaces\spring-ide-w-git-maven-sts\micro-application)
2021-03-22 14:33:27 [restartedMain] DEBUG c.a.m.MicroApplication - Running with Spring Boot v2.4.4, Spring v5.3.5
2021-03-22 14:33:27 [restartedMain] INFO  c.a.m.MicroApplication - The following profiles are active: dev
2021-03-22 14:33:33 [restartedMain] INFO  c.a.m.MicroApplication - Started MicroApplication in 7.466 seconds (JVM running for 11.426)
2021-03-22 14:33:33 [restartedMain] INFO  c.a.m.MicroApplication - sample springboot application
2021-03-22 14:39:02 [restartedMain] INFO  c.a.m.MicroApplication - Starting MicroApplication using Java 1.8.0_131 on W015411015 with PID 29656 (C:\Users\tuanna47\Documents\workspaces\spring-ide-w-git-maven-sts\micro-application\target\classes started by tuanna47 in C:\Users\tuanna47\Documents\workspaces\spring-ide-w-git-maven-sts\micro-application)
2021-03-22 14:39:02 [restartedMain] DEBUG c.a.m.MicroApplication - Running with Spring Boot v2.4.4, Spring v5.3.5
2021-03-22 14:39:02 [restartedMain] INFO  c.a.m.MicroApplication - The following profiles are active: dev
2021-03-22 14:39:04 [restartedMain] INFO  c.a.m.MicroApplication - Started MicroApplication in 1.733 seconds (JVM running for 341.787)
2021-03-22 14:39:04 [restartedMain] INFO  c.a.m.MicroApplication - sample springboot application
2021-03-22 14:39:20 [restartedMain] INFO  c.a.m.MicroApplication - Starting MicroApplication using Java 1.8.0_131 on W015411015 with PID 29656 (C:\Users\tuanna47\Documents\workspaces\spring-ide-w-git-maven-sts\micro-application\target\classes started by tuanna47 in C:\Users\tuanna47\Documents\workspaces\spring-ide-w-git-maven-sts\micro-application)
2021-03-22 14:39:20 [restartedMain] DEBUG c.a.m.MicroApplication - Running with Spring Boot v2.4.4, Spring v5.3.5
2021-03-22 14:39:20 [restartedMain] INFO  c.a.m.MicroApplication - The following profiles are active: dev
2021-03-22 14:39:21 [restartedMain] INFO  c.a.m.MicroApplication - Started MicroApplication in 1.231 seconds (JVM running for 359.055)
2021-03-22 14:39:21 [restartedMain] INFO  c.a.m.MicroApplication - sample springboot application
2021-03-22 14:40:12 [restartedMain] INFO  c.a.m.MicroApplication - Starting MicroApplication using Java 1.8.0_131 on W015411015 with PID 29656 (C:\Users\tuanna47\Documents\workspaces\spring-ide-w-git-maven-sts\micro-application\target\classes started by tuanna47 in C:\Users\tuanna47\Documents\workspaces\spring-ide-w-git-maven-sts\micro-application)
2021-03-22 14:40:12 [restartedMain] DEBUG c.a.m.MicroApplication - Running with Spring Boot v2.4.4, Spring v5.3.5
2021-03-22 14:40:12 [restartedMain] INFO  c.a.m.MicroApplication - The following profiles are active: dev
2021-03-22 14:40:13 [restartedMain] INFO  c.a.m.MicroApplication - Started MicroApplication in 1.66 seconds (JVM running for 411.406)
2021-03-22 14:40:13 [restartedMain] INFO  c.a.m.MicroApplication - sample springboot application
2021-03-22 14:45:10 [restartedMain] INFO  c.a.m.MicroApplication - Starting MicroApplication using Java 1.8.0_131 on W015411015 with PID 29656 (C:\Users\tuanna47\Documents\workspaces\spring-ide-w-git-maven-sts\micro-application\target\classes started by tuanna47 in C:\Users\tuanna47\Documents\workspaces\spring-ide-w-git-maven-sts\micro-application)
2021-03-22 14:45:10 [restartedMain] DEBUG c.a.m.MicroApplication - Running with Spring Boot v2.4.4, Spring v5.3.5
2021-03-22 14:45:10 [restartedMain] INFO  c.a.m.MicroApplication - The following profiles are active: dev
2021-03-22 14:45:11 [restartedMain] INFO  c.a.m.MicroApplication - Started MicroApplication in 1.421 seconds (JVM running for 709.198)
2021-03-22 14:45:11 [restartedMain] INFO  c.a.m.MicroApplication - sample springboot application
2021-03-22 14:51:22 [restartedMain] INFO  c.a.m.MicroApplication - Starting MicroApplication using Java 1.8.0_131 on W015411015 with PID 29656 (C:\Users\tuanna47\Documents\workspaces\spring-ide-w-git-maven-sts\micro-application\target\classes started by tuanna47 in C:\Users\tuanna47\Documents\workspaces\spring-ide-w-git-maven-sts\micro-application)
2021-03-22 14:51:22 [restartedMain] DEBUG c.a.m.MicroApplication - Running with Spring Boot v2.4.4, Spring v5.3.5
2021-03-22 14:51:22 [restartedMain] INFO  c.a.m.MicroApplication - The following profiles are active: dev
2021-03-22 14:51:23 [restartedMain] INFO  c.a.m.MicroApplication - Started MicroApplication in 1.747 seconds (JVM running for 1081.427)
2021-03-22 14:51:23 [restartedMain] INFO  c.a.m.MicroApplication - sample springboot application
2021-03-22 14:53:23 [restartedMain] INFO  c.a.m.MicroApplication - Starting MicroApplication using Java 1.8.0_131 on W015411015 with PID 29656 (C:\Users\tuanna47\Documents\workspaces\spring-ide-w-git-maven-sts\micro-application\target\classes started by tuanna47 in C:\Users\tuanna47\Documents\workspaces\spring-ide-w-git-maven-sts\micro-application)
2021-03-22 14:53:23 [restartedMain] DEBUG c.a.m.MicroApplication - Running with Spring Boot v2.4.4, Spring v5.3.5
2021-03-22 14:53:23 [restartedMain] INFO  c.a.m.MicroApplication - The following profiles are active: dev
2021-03-22 14:53:25 [restartedMain] INFO  c.a.m.MicroApplication - Started MicroApplication in 1.491 seconds (JVM running for 1202.738)
2021-03-22 14:53:25 [restartedMain] INFO  c.a.m.MicroApplication - sample springboot application
2021-03-22 14:54:58 [restartedMain] INFO  c.a.m.MicroApplication - Starting MicroApplication using Java 1.8.0_131 on W015411015 with PID 29656 (C:\Users\tuanna47\Documents\workspaces\spring-ide-w-git-maven-sts\micro-application\target\classes started by tuanna47 in C:\Users\tuanna47\Documents\workspaces\spring-ide-w-git-maven-sts\micro-application)
2021-03-22 14:54:58 [restartedMain] DEBUG c.a.m.MicroApplication - Running with Spring Boot v2.4.4, Spring v5.3.5
2021-03-22 14:54:58 [restartedMain] INFO  c.a.m.MicroApplication - The following profiles are active: dev
2021-03-22 14:54:59 [restartedMain] INFO  c.a.m.MicroApplication - Started MicroApplication in 1.413 seconds (JVM running for 1297.644)
2021-03-22 14:54:59 [restartedMain] INFO  c.a.m.MicroApplication - sample springboot application
2021-03-23 12:36:26 [restartedMain] INFO  c.a.m.MicroApplication - Starting MicroApplication using Java 1.8.0_131 on W015411015 with PID 40956 (C:\Users\tuanna47\Documents\workspaces\spring-ide-w-git-maven-sts\micro-application\target\classes started by tuanna47 in C:\Users\tuanna47\Documents\workspaces\spring-ide-w-git-maven-sts\micro-application)
2021-03-23 12:36:26 [restartedMain] DEBUG c.a.m.MicroApplication - Running with Spring Boot v2.4.4, Spring v5.3.5
2021-03-23 12:36:26 [restartedMain] INFO  c.a.m.MicroApplication - The following profiles are active: dev
2021-03-23 12:36:39 [restartedMain] INFO  c.a.m.MicroApplication - Started MicroApplication in 13.525 seconds (JVM running for 18.621)
2021-03-23 12:36:39 [restartedMain] INFO  c.a.m.MicroApplication - sample springboot application
2021-03-23 12:41:33 [restartedMain] INFO  c.a.m.MicroApplication - Starting MicroApplication using Java 1.8.0_131 on W015411015 with PID 40956 (C:\Users\tuanna47\Documents\workspaces\spring-ide-w-git-maven-sts\micro-application\target\classes started by tuanna47 in C:\Users\tuanna47\Documents\workspaces\spring-ide-w-git-maven-sts\micro-application)
2021-03-23 12:41:33 [restartedMain] DEBUG c.a.m.MicroApplication - Running with Spring Boot v2.4.4, Spring v5.3.5
2021-03-23 12:41:33 [restartedMain] INFO  c.a.m.MicroApplication - The following profiles are active: dev
2021-03-23 12:41:36 [restartedMain] INFO  c.a.m.MicroApplication - Started MicroApplication in 3.316 seconds (JVM running for 315.65)
2021-03-23 12:41:36 [restartedMain] INFO  c.a.m.MicroApplication - sample springboot application
2021-03-23 12:41:54 [restartedMain] INFO  c.a.m.MicroApplication - Starting MicroApplication using Java 1.8.0_131 on W015411015 with PID 40956 (C:\Users\tuanna47\Documents\workspaces\spring-ide-w-git-maven-sts\micro-application\target\classes started by tuanna47 in C:\Users\tuanna47\Documents\workspaces\spring-ide-w-git-maven-sts\micro-application)
2021-03-23 12:41:54 [restartedMain] DEBUG c.a.m.MicroApplication - Running with Spring Boot v2.4.4, Spring v5.3.5
2021-03-23 12:41:54 [restartedMain] INFO  c.a.m.MicroApplication - The following profiles are active: dev
2021-03-23 12:41:55 [restartedMain] INFO  c.a.m.MicroApplication - Started MicroApplication in 1.273 seconds (JVM running for 335.139)
2021-03-23 12:41:55 [restartedMain] INFO  c.a.m.MicroApplication - sample springboot application
2021-03-23 12:42:08 [restartedMain] INFO  c.a.m.MicroApplication - Starting MicroApplication using Java 1.8.0_131 on W015411015 with PID 40956 (C:\Users\tuanna47\Documents\workspaces\spring-ide-w-git-maven-sts\micro-application\target\classes started by tuanna47 in C:\Users\tuanna47\Documents\workspaces\spring-ide-w-git-maven-sts\micro-application)
2021-03-23 12:42:08 [restartedMain] DEBUG c.a.m.MicroApplication - Running with Spring Boot v2.4.4, Spring v5.3.5
2021-03-23 12:42:08 [restartedMain] INFO  c.a.m.MicroApplication - The following profiles are active: dev
2021-03-23 12:42:12 [restartedMain] INFO  c.a.m.MicroApplication - Started MicroApplication in 4.113 seconds (JVM running for 351.706)
2021-03-23 12:42:12 [restartedMain] INFO  c.a.m.MicroApplication - sample springboot application
